<?xml version="1.0" encoding="UTF-8"?>
<testsuite xmlns:xsi="http://www.w3.org/2001/XMLSchema-instance" xsi:noNamespaceSchemaLocation="https://maven.apache.org/surefire/maven-surefire-plugin/xsd/surefire-test-report.xsd" name="at.ac.fhstp.zoechbauer.AppTest" time="0.059" tests="1" errors="1" skipped="0" failures="0">
  <properties>
    <property name="java.specification.version" value="17"/>
    <property name="sun.cpu.isalist" value="amd64"/>
    <property name="sun.jnu.encoding" value="Cp1252"/>
    <property name="java.class.path" value="U:\User\Philipp\OneDrive - Fachhochschule St. Pölten\FHStp\WS2021\PROG4\AppStartV10\appstartv10\target\test-classes;U:\User\Philipp\OneDrive - Fachhochschule St. Pölten\FHStp\WS2021\PROG4\AppStartV10\appstartv10\target\classes;C:\Users\Philipp\.m2\repository\junit\junit\4.11\junit-4.11.jar;C:\Users\Philipp\.m2\repository\org\hamcrest\hamcrest-core\1.3\hamcrest-core-1.3.jar;C:\Users\Philipp\.m2\repository\org\hamcrest\hamcrest\2.2\hamcrest-2.2.jar;C:\Users\Philipp\.m2\repository\org\mockito\mockito-junit-jupiter\3.7.7\mockito-junit-jupiter-3.7.7.jar;C:\Users\Philipp\.m2\repository\org\mockito\mockito-core\3.7.7\mockito-core-3.7.7.jar;C:\Users\Philipp\.m2\repository\net\bytebuddy\byte-buddy\1.10.19\byte-buddy-1.10.19.jar;C:\Users\Philipp\.m2\repository\net\bytebuddy\byte-buddy-agent\1.10.19\byte-buddy-agent-1.10.19.jar;C:\Users\Philipp\.m2\repository\org\objenesis\objenesis\3.1\objenesis-3.1.jar;C:\Users\Philipp\.m2\repository\org\junit\jupiter\junit-jupiter-api\5.7.0\junit-jupiter-api-5.7.0.jar;C:\Users\Philipp\.m2\repository\org\apiguardian\apiguardian-api\1.1.0\apiguardian-api-1.1.0.jar;C:\Users\Philipp\.m2\repository\org\opentest4j\opentest4j\1.2.0\opentest4j-1.2.0.jar;C:\Users\Philipp\.m2\repository\org\junit\platform\junit-platform-commons\1.7.0\junit-platform-commons-1.7.0.jar;"/>
    <property name="java.vm.vendor" value="Eclipse Adoptium"/>
    <property name="sun.arch.data.model" value="64"/>
    <property name="user.variant" value=""/>
    <property name="java.vendor.url" value="https://adoptium.net/"/>
    <property name="user.timezone" value="Europe/Berlin"/>
    <property name="os.name" value="Windows 10"/>
    <property name="java.vm.specification.version" value="17"/>
    <property name="sun.java.launcher" value="SUN_STANDARD"/>
    <property name="user.country" value="DE"/>
    <property name="sun.boot.library.path" value="C:\Program Files\Eclipse Adoptium\jdk-17.0.1.12-hotspot\bin"/>
    <property name="sun.java.command" value="C:\Users\Philipp\AppData\Local\Temp\surefire2171950416952766043\surefirebooter11546222131853143006.jar C:\Users\Philipp\AppData\Local\Temp\surefire2171950416952766043 2021-11-27T12-24-40_589-jvmRun1 surefire15722726969220039385tmp surefire_07738790542246962058tmp"/>
    <property name="jdk.debug" value="release"/>
    <property name="surefire.test.class.path" value="U:\User\Philipp\OneDrive - Fachhochschule St. Pölten\FHStp\WS2021\PROG4\AppStartV10\appstartv10\target\test-classes;U:\User\Philipp\OneDrive - Fachhochschule St. Pölten\FHStp\WS2021\PROG4\AppStartV10\appstartv10\target\classes;C:\Users\Philipp\.m2\repository\junit\junit\4.11\junit-4.11.jar;C:\Users\Philipp\.m2\repository\org\hamcrest\hamcrest-core\1.3\hamcrest-core-1.3.jar;C:\Users\Philipp\.m2\repository\org\hamcrest\hamcrest\2.2\hamcrest-2.2.jar;C:\Users\Philipp\.m2\repository\org\mockito\mockito-junit-jupiter\3.7.7\mockito-junit-jupiter-3.7.7.jar;C:\Users\Philipp\.m2\repository\org\mockito\mockito-core\3.7.7\mockito-core-3.7.7.jar;C:\Users\Philipp\.m2\repository\net\bytebuddy\byte-buddy\1.10.19\byte-buddy-1.10.19.jar;C:\Users\Philipp\.m2\repository\net\bytebuddy\byte-buddy-agent\1.10.19\byte-buddy-agent-1.10.19.jar;C:\Users\Philipp\.m2\repository\org\objenesis\objenesis\3.1\objenesis-3.1.jar;C:\Users\Philipp\.m2\repository\org\junit\jupiter\junit-jupiter-api\5.7.0\junit-jupiter-api-5.7.0.jar;C:\Users\Philipp\.m2\repository\org\apiguardian\apiguardian-api\1.1.0\apiguardian-api-1.1.0.jar;C:\Users\Philipp\.m2\repository\org\opentest4j\opentest4j\1.2.0\opentest4j-1.2.0.jar;C:\Users\Philipp\.m2\repository\org\junit\platform\junit-platform-commons\1.7.0\junit-platform-commons-1.7.0.jar;"/>
    <property name="sun.cpu.endian" value="little"/>
    <property name="user.home" value="C:\Users\Philipp"/>
    <property name="user.language" value="de"/>
    <property name="java.specification.vendor" value="Oracle Corporation"/>
    <property name="java.version.date" value="2021-10-19"/>
    <property name="java.home" value="C:\Program Files\Eclipse Adoptium\jdk-17.0.1.12-hotspot"/>
    <property name="file.separator" value="\"/>
    <property name="basedir" value="U:\User\Philipp\OneDrive - Fachhochschule St. Pölten\FHStp\WS2021\PROG4\AppStartV10\appstartv10"/>
    <property name="java.vm.compressedOopsMode" value="Zero based"/>
    <property name="line.separator" value="&#10;"/>
    <property name="java.vm.specification.vendor" value="Oracle Corporation"/>
    <property name="java.specification.name" value="Java Platform API Specification"/>
    <property name="surefire.real.class.path" value="C:\Users\Philipp\AppData\Local\Temp\surefire2171950416952766043\surefirebooter11546222131853143006.jar"/>
    <property name="user.script" value=""/>
    <property name="sun.management.compiler" value="HotSpot 64-Bit Tiered Compilers"/>
    <property name="java.runtime.version" value="17.0.1+12"/>
    <property name="user.name" value="Philipp"/>
    <property name="path.separator" value=";"/>
    <property name="os.version" value="10.0"/>
    <property name="java.runtime.name" value="OpenJDK Runtime Environment"/>
    <property name="file.encoding" value="Cp1252"/>
    <property name="java.vm.name" value="OpenJDK 64-Bit Server VM"/>
    <property name="java.vendor.version" value="Temurin-17.0.1+12"/>
    <property name="localRepository" value="C:\Users\Philipp\.m2\repository"/>
    <property name="java.vendor.url.bug" value="https://github.com/adoptium/adoptium-support/issues"/>
    <property name="java.io.tmpdir" value="C:\Users\Philipp\AppData\Local\Temp\"/>
    <property name="java.version" value="17.0.1"/>
    <property name="user.dir" value="U:\User\Philipp\OneDrive - Fachhochschule St. Pölten\FHStp\WS2021\PROG4\AppStartV10\appstartv10"/>
    <property name="os.arch" value="amd64"/>
    <property name="java.vm.specification.name" value="Java Virtual Machine Specification"/>
    <property name="sun.os.patch.level" value=""/>
    <property name="native.encoding" value="Cp1252"/>
    <property name="java.library.path" value="C:\Program Files\Eclipse Adoptium\jdk-17.0.1.12-hotspot\bin;C:\WINDOWS\Sun\Java\bin;C:\WINDOWS\system32;C:\WINDOWS;C:\Program Files\Eclipse Adoptium\jdk-17.0.1.12-hotspot\bin;C:\Program Files (x86)\VMware\VMware Workstation\bin\;C:\Program Files\AdoptOpenJDK\jdk-16.0.0.36-hotspot\bin;C:\WINDOWS\system32;C:\WINDOWS;C:\WINDOWS\System32\Wbem;C:\WINDOWS\System32\WindowsPowerShell\v1.0\;C:\WINDOWS\System32\OpenSSH\;C:\Program Files\Intel\WiFi\bin\;C:\Program Files\Common Files\Intel\WirelessCommon\;C:\Program Files\PuTTY\;C:\Program Files\ISC BIND 9\bin\;C:\Program Files\Microsoft SQL Server\130\Tools\Binn\;C:\Program Files\Microsoft SQL Server\Client SDK\ODBC\170\Tools\Binn\;C:\Program Files\Git\cmd;C:\Program Files (x86)\Intel\Intel(R) Management Engine Components\DAL;C:\Program Files\Intel\Intel(R) Management Engine Components\DAL;C:\Program Files\TortoiseSVN\bin;C:\Program Files\Inkscape\bin;C:\Program Files\dotnet\;C:\texlive\2021\bin\win32;C:\Users\Philipp\AppData\Local\Programs\Python\Python37-32\Scripts\;C:\Users\Philipp\AppData\Local\Programs\Python\Python37-32\;C:\Users\Philipp\AppData\Local\Microsoft\WindowsApps;C:\Users\Philipp\AppData\Local\Programs\Microsoft VS Code\bin;C:\Program Files (x86)\FAHClient;C:\Users\Philipp\.dotnet\tools;C:\Users\Philipp\AppData\Local\Programs\MiKTeX\miktex\bin\x64\;C:\Program Files\apache-maven-3.8.4-bin\apache-maven-3.8.4\bin;;."/>
    <property name="java.vm.info" value="mixed mode, sharing"/>
    <property name="java.vendor" value="Eclipse Adoptium"/>
    <property name="java.vm.version" value="17.0.1+12"/>
    <property name="sun.io.unicode.encoding" value="UnicodeLittle"/>
    <property name="java.class.version" value="61.0"/>
  </properties>
  <testcase name="initializationError" classname="at.ac.fhstp.zoechbauer.AppTest" time="0.01">
    <error message="Method testMock should have no parameters" type="java.lang.Exception">java.lang.Exception: Method testMock should have no parameters
</error>
  </testcase>
</testsuite>